2024-10-18 11:28:31 INFO  c.p.Repository.LedgerOperations - Reading the csv file inventory.csv
2024-10-18 11:28:31 INFO  c.p.Repository.LedgerOperations - Finished reading the file inventory.csv
2024-10-18 11:28:31 INFO  c.p.Repository.LedgerOperations - Loaded 72 transactions from inventory.csv
2024-10-18 11:28:31 INFO  com.pluralsight.service.Ledger - Display entries for transactionListWithDeposit, transactionListWithPayment
2024-10-18 11:28:31 INFO  c.p.s.AccountingLedgerApplication - Showing Home Screen!
2024-10-18 11:28:44 INFO  com.pluralsight.utils.InputUtil - User input string: d
2024-10-18 11:28:44 INFO  com.pluralsight.service.Ledger - Adding deposit!
2024-10-18 11:28:51 INFO  com.pluralsight.utils.InputUtil - User input string: 
2024-10-18 11:28:59 INFO  com.pluralsight.utils.InputUtil - User input string: 
2024-10-18 11:29:01 INFO  com.pluralsight.utils.InputUtil - User input string: 
2024-10-18 11:29:04 INFO  com.pluralsight.utils.InputUtil - User input double: 0.0
2024-10-18 11:29:04 INFO  com.pluralsight.utils.InputUtil - Created transaction: | 2024-10-18 11:28:51  |                                          |                      | $0.00                 |
2024-10-18 11:29:12 INFO  com.pluralsight.utils.InputUtil - User input string: d
2024-10-18 11:29:12 INFO  com.pluralsight.service.Ledger - Adding deposit!
2024-10-18 11:29:35 INFO  com.pluralsight.utils.InputUtil - User input string: 2023-11-12 10:30:10
2024-10-18 11:29:35 INFO  com.pluralsight.utils.InputUtil - User input string: 
2024-10-18 11:29:37 INFO  com.pluralsight.utils.InputUtil - User input string: 
2024-10-18 11:29:38 INFO  com.pluralsight.utils.InputUtil - User input double: 0.0
2024-10-18 11:29:38 INFO  com.pluralsight.utils.InputUtil - Created transaction: | 2023-11-12 10:30:10  |                                          |                      | $0.00                 |
2024-10-18 11:29:39 INFO  com.pluralsight.utils.InputUtil - User input string: 
2024-10-18 11:29:42 INFO  com.pluralsight.utils.InputUtil - User input string: d
2024-10-18 11:29:42 INFO  com.pluralsight.service.Ledger - Adding deposit!
2024-10-18 11:29:44 INFO  com.pluralsight.utils.InputUtil - User input string: 2023-11-12 10:30:10
2024-10-18 11:29:47 INFO  com.pluralsight.utils.InputUtil - User input string: Apple
2024-10-18 11:29:52 INFO  com.pluralsight.utils.InputUtil - User input string: iphone 20
2024-10-18 11:29:57 INFO  com.pluralsight.utils.InputUtil - User input double: 999.99
2024-10-18 11:29:57 INFO  com.pluralsight.utils.InputUtil - Created transaction: | 2023-11-12 10:30:10  | iphone 20                                | Apple                | $999.99               |
2024-10-18 11:29:57 INFO  c.p.Repository.LedgerOperations - Updating the file inventory.csv
2024-10-18 11:29:57 INFO  c.p.Repository.LedgerOperations - Successfully updated the file inventory.csv
2024-10-18 11:29:57 INFO  com.pluralsight.service.Ledger - Created deposit transaction: | 2023-11-12 10:30:10  | iphone 20                                | Apple                | $999.99               |
2024-10-18 11:30:05 INFO  com.pluralsight.utils.InputUtil - User input string: p
2024-10-18 11:30:05 INFO  com.pluralsight.service.Ledger - Making Payment!
2024-10-18 11:30:17 INFO  com.pluralsight.utils.InputUtil - User input string: 2022-11-12 10:30:10
2024-10-18 11:30:22 INFO  com.pluralsight.utils.InputUtil - User input string: Yer Up
2024-10-18 11:30:28 INFO  com.pluralsight.utils.InputUtil - User input string: Year up is awesome
2024-10-18 11:30:33 INFO  com.pluralsight.utils.InputUtil - User input double: 1000.0
2024-10-18 11:30:33 INFO  com.pluralsight.utils.InputUtil - Created transaction: | 2022-11-12 10:30:10  | Year up is awesome                       | Yer Up               | $1000.00              |
2024-10-18 11:30:33 INFO  c.p.Repository.LedgerOperations - Updating the file inventory.csv
2024-10-18 11:30:33 INFO  c.p.Repository.LedgerOperations - Successfully updated the file inventory.csv
2024-10-18 11:30:33 INFO  com.pluralsight.service.Ledger - Created payment transaction: | 2022-11-12 10:30:10  | Year up is awesome                       | Yer Up               | $-1000.00             |
2024-10-18 11:30:41 INFO  com.pluralsight.utils.InputUtil - User input string: l
2024-10-18 11:30:41 INFO  com.pluralsight.service.Ledger - Showing Ledger Screen!
2024-10-18 11:30:50 INFO  com.pluralsight.utils.InputUtil - User input string: all
2024-10-18 11:30:50 INFO  com.pluralsight.service.Ledger - Display entries!
2024-10-18 11:31:01 INFO  com.pluralsight.utils.InputUtil - User input string: d
2024-10-18 11:31:01 INFO  com.pluralsight.service.Ledger - Display deposit entries!
2024-10-18 11:31:12 INFO  com.pluralsight.utils.InputUtil - User input string: p
2024-10-18 11:31:12 INFO  com.pluralsight.service.Ledger - Display payment entries!
2024-10-18 11:31:29 INFO  com.pluralsight.utils.InputUtil - User input string: b
2024-10-18 11:31:29 INFO  com.pluralsight.service.Ledger - Showing balance!
2024-10-18 11:31:34 INFO  com.pluralsight.utils.InputUtil - User input string: r
2024-10-18 11:31:34 INFO  com.pluralsight.service.Report - Showing Report Screen!
2024-10-18 11:31:39 INFO  com.pluralsight.utils.InputUtil - User input string: 1
2024-10-18 11:31:39 INFO  com.pluralsight.service.Report - Generating report from this month to now!
2024-10-18 11:31:44 INFO  com.pluralsight.utils.InputUtil - User input string: 2
2024-10-18 11:31:44 INFO  com.pluralsight.service.Report - Generating report from previous whole month!
2024-10-18 11:31:49 INFO  com.pluralsight.utils.InputUtil - User input string: 3
2024-10-18 11:31:49 INFO  com.pluralsight.service.Report - Generating report from this year to now!
2024-10-18 11:31:59 INFO  com.pluralsight.utils.InputUtil - User input string: 4
2024-10-18 11:31:59 INFO  com.pluralsight.service.Report - Generating report from last whole year !
2024-10-18 11:32:05 INFO  com.pluralsight.utils.InputUtil - User input string: 5
2024-10-18 11:32:07 INFO  com.pluralsight.utils.InputUtil - User input string: apple
2024-10-18 11:32:07 INFO  com.pluralsight.service.Report - Performing search transaction function by look up vendor name!
2024-10-18 11:32:13 INFO  com.pluralsight.utils.InputUtil - User input string: 6
2024-10-18 11:32:16 INFO  com.pluralsight.utils.InputUtil - User input string: 
2024-10-18 11:32:16 INFO  com.pluralsight.utils.InputUtil - User input string: 
2024-10-18 11:32:17 INFO  com.pluralsight.utils.InputUtil - User input string: 
2024-10-18 11:32:17 INFO  com.pluralsight.utils.InputUtil - User input string: 
2024-10-18 11:32:17 INFO  com.pluralsight.utils.InputUtil - User input double: 0.0
2024-10-18 11:32:17 INFO  com.pluralsight.service.Report - Performing custom search function!
2024-10-18 11:32:28 INFO  com.pluralsight.utils.InputUtil - User input string: 0
2024-10-18 11:32:30 INFO  com.pluralsight.utils.InputUtil - User input string: h
2024-10-18 11:32:32 INFO  com.pluralsight.utils.InputUtil - User input string: x
